2020-09-23 10:05:09 +0000  Initial pipeline context: <IDEDistributionProcessingPipelineContext: 0x7fac905edfd0; archive(resolved)='<IDEArchive: 0x7fac90b930d0>', distributionTask(resolved)='2', distributionDestination(resolved)='2', distributionMethod(resolved)='<IDEDistributionMethodiOSAppStoreDistribution: 0x7fac8f77cd90>', team(resolved)='<IDEProvisioningDisambiguatableBasicTeam: 0x7facaa373240; teamID='QFZ4FZ7N4A', teamName='Jan-Niklas Voigt-Antons', teamType='(null)', username='(null)', isFreeProvisioningTeam='0'>'>
	Chain (13, self inclusive):
	<IDEDistributionProcessingPipelineContext: 0x7fac905edfd0; archive = '<IDEArchive: 0x7fac90b930d0>', distributionMethod='<IDEDistributionMethodiOSAppStoreDistribution: 0x7fac8f77cd90>', team='<IDEProvisioningDisambiguatableBasicTeam: 0x7facaa373240; teamID='QFZ4FZ7N4A', teamName='Jan-Niklas Voigt-Antons', teamType='(null)', username='(null)', isFreeProvisioningTeam='0'>'>
	<IDEDistributionProcessingPipelineContext: 0x7fac907f6af0; archive = '<IDEArchive: 0x7fac90b930d0>', distributionMethod='<IDEDistributionMethodiOSAppStoreDistribution: 0x7fac8f77cd90>', team='<IDEProvisioningDisambiguatableBasicTeam: 0x7facaa373240; teamID='QFZ4FZ7N4A', teamName='Jan-Niklas Voigt-Antons', teamType='(null)', username='(null)', isFreeProvisioningTeam='0'>'>
	<IDEDistributionContext: 0x7fac90047ce0; archive = '<IDEArchive: 0x7fac90b930d0>', distributionMethod='<IDEDistributionMethodiOSAppStoreDistribution: 0x7fac8f77cd90>', team='<IDEProvisioningDisambiguatableBasicTeam: 0x7facaa373240; teamID='QFZ4FZ7N4A', teamName='Jan-Niklas Voigt-Antons', teamType='(null)', username='(null)', isFreeProvisioningTeam='0'>'>
	<IDEDistributionContext: 0x7fac8ee3b6d0; archive = '<IDEArchive: 0x7fac90b930d0>', distributionMethod='<IDEDistributionMethodiOSAppStoreDistribution: 0x7fac8f77cd90>', team='<IDEProvisioningDisambiguatableBasicTeam: 0x7facaa373240; teamID='QFZ4FZ7N4A', teamName='Jan-Niklas Voigt-Antons', teamType='(null)', username='(null)', isFreeProvisioningTeam='0'>'>
	<IDEDistributionContext: 0x7fac8ee96a00; archive = '<IDEArchive: 0x7fac90b930d0>', distributionMethod='<IDEDistributionMethodiOSAppStoreDistribution: 0x7fac8f77cd90>', team='<IDEProvisioningDisambiguatableBasicTeam: 0x7facaa373240; teamID='QFZ4FZ7N4A', teamName='Jan-Niklas Voigt-Antons', teamType='(null)', username='(null)', isFreeProvisioningTeam='0'>'>
	<IDEDistributionContext: 0x7fac90d35d60; archive = '<IDEArchive: 0x7fac90b930d0>', distributionMethod='<IDEDistributionMethodiOSAppStoreDistribution: 0x7fac8f77cd90>', team='<IDEProvisioningDisambiguatableBasicTeam: 0x7facaa373240; teamID='QFZ4FZ7N4A', teamName='Jan-Niklas Voigt-Antons', teamType='(null)', username='(null)', isFreeProvisioningTeam='0'>'>
	<IDEDistributionContext: 0x7fac90552d10; archive = '<IDEArchive: 0x7fac90b930d0>', distributionMethod='<IDEDistributionMethodiOSAppStoreDistribution: 0x7fac8f77cd90>', team='<IDEProvisioningDisambiguatableBasicTeam: 0x7facaa373240; teamID='QFZ4FZ7N4A', teamName='Jan-Niklas Voigt-Antons', teamType='(null)', username='(null)', isFreeProvisioningTeam='0'>'>
	<IDEDistributionContext: 0x7fac905ede10; archive = '<IDEArchive: 0x7fac90b930d0>', distributionMethod='<IDEDistributionMethodiOSAppStoreDistribution: 0x7fac8f77cd90>', team='<IDEProvisioningDisambiguatableBasicTeam: 0x7facaa373240; teamID='QFZ4FZ7N4A', teamName='Jan-Niklas Voigt-Antons', teamType='(null)', username='(null)', isFreeProvisioningTeam='0'>'>
	<IDEDistributionContext: 0x7fac90553b30; archive = '<IDEArchive: 0x7fac90b930d0>', distributionMethod='<IDEDistributionMethodiOSAppStoreDistribution: 0x7fac8f77cd90>', team='<IDEProvisioningDisambiguatableBasicTeam: 0x7facaa373240; teamID='QFZ4FZ7N4A', teamName='Jan-Niklas Voigt-Antons', teamType='(null)', username='(null)', isFreeProvisioningTeam='0'>'>
	<IDEDistributionContext: 0x7fac90b7d030; archive = '<IDEArchive: 0x7fac90b930d0>', distributionMethod='<IDEDistributionMethodiOSAppStoreDistribution: 0x7fac8f77cd90>', team='<IDEProvisioningDisambiguatableBasicTeam: 0x7facaa373240; teamID='QFZ4FZ7N4A', teamName='Jan-Niklas Voigt-Antons', teamType='(null)', username='(null)', isFreeProvisioningTeam='0'>'>
	<IDEDistributionContext: 0x7fac90b69450; archive = '<IDEArchive: 0x7fac90b930d0>', distributionMethod='<IDEDistributionMethodiOSAppStoreDistribution: 0x7fac8f77cd90>', team='(null)'>
	<IDEDistributionContext: 0x7fac8f467240; archive = '<IDEArchive: 0x7fac90b930d0>', distributionMethod='<IDEDistributionMethodiOSAppStoreDistribution: 0x7fac8f77cd90>', team='(null)'>
	<IDEDistributionContext: 0x7fac90b67b00; archive = '<IDEArchive: 0x7fac90b930d0>', distributionMethod='(null)', team='(null)'>
</IDEDistributionProcessingPipelineContext: 0x7fac905edfd0>
2020-09-23 10:05:09 +0000  Processing step: IDEDistributionCreateDestRootStep
2020-09-23 10:05:09 +0000  Processing step: IDEDistributionCopyItemStep
2020-09-23 10:05:09 +0000  Running /usr/bin/ditto '-V' '/Users/danish/Library/Developer/Xcode/Archives/2020-09-23/Unity-iPhone 23.09.20, 12.04.xcarchive/Products/Applications/ARtest.app' '/var/folders/qw/wxg8bh2d6pz80lpkqylkyklh0000gp/T/XcodeDistPipeline.~~~TEUt2i/Root/Payload/ARtest.app'
2020-09-23 10:05:09 +0000  >>> Copying /Users/danish/Library/Developer/Xcode/Archives/2020-09-23/Unity-iPhone 23.09.20, 12.04.xcarchive/Products/Applications/ARtest.app 
2020-09-23 10:05:09 +0000  copying file ./_CodeSignature/CodeResources ... 
2020-09-23 10:05:09 +0000  17215 bytes for ./_CodeSignature/CodeResources
2020-09-23 10:05:09 +0000  copying file ./LaunchImage-1100-Portrait-2436h@3x.png ... 
2020-09-23 10:05:09 +0000  14552 bytes for ./LaunchImage-1100-Portrait-2436h@3x.png
copying file ./LaunchImage-1200-Landscape-1792h@2x.png ... 
2020-09-23 10:05:09 +0000  7622 bytes for ./LaunchImage-1200-Landscape-1792h@2x.png
copying file ./LaunchScreen-iPhonePortrait.png ... 
2020-09-23 10:05:09 +0000  138 bytes for ./LaunchScreen-iPhonePortrait.png
copying file ./LaunchScreen-iPhoneLandscape.png ... 
2020-09-23 10:05:09 +0000  138 bytes for ./LaunchScreen-iPhoneLandscape.png
copying file ./LaunchScreen-iPad.nib ... 
2020-09-23 10:05:09 +0000  1540 bytes for ./LaunchScreen-iPad.nib
copying file ./LaunchScreen-iPhone.nib ... 
2020-09-23 10:05:09 +0000  1550 bytes for ./LaunchScreen-iPhone.nib
2020-09-23 10:05:09 +0000  copying file ./AppIcon60x60@2x.png ... 
2020-09-23 10:05:09 +0000  7083 bytes for ./AppIcon60x60@2x.png
2020-09-23 10:05:09 +0000  copying file ./LaunchImage-1100-Landscape-2436h@3x.png ... 
2020-09-23 10:05:09 +0000  12707 bytes for ./LaunchImage-1100-Landscape-2436h@3x.png
copying file ./LaunchImage-800-667h@2x.png ... 
2020-09-23 10:05:09 +0000  5949 bytes for ./LaunchImage-800-667h@2x.png
2020-09-23 10:05:09 +0000  copying file ./LaunchImage-1200-Portrait-2688h@3x.png ... 
2020-09-23 10:05:09 +0000  17633 bytes for ./LaunchImage-1200-Portrait-2688h@3x.png
2020-09-23 10:05:09 +0000  copying file ./ARtest ... 
2020-09-23 10:05:09 +0000  86000 bytes for ./ARtest
2020-09-23 10:05:09 +0000  copying file ./LaunchScreen-iPad.png ... 
2020-09-23 10:05:09 +0000  138 bytes for ./LaunchScreen-iPad.png
2020-09-23 10:05:09 +0000  copying file ./LaunchImage-700-Portrait~ipad.png ... 
2020-09-23 10:05:09 +0000  4691 bytes for ./LaunchImage-700-Portrait~ipad.png
2020-09-23 10:05:09 +0000  copying file ./Assets.car ... 
2020-09-23 10:05:09 +0000  293848 bytes for ./Assets.car
2020-09-23 10:05:09 +0000  copying file ./AppIcon76x76@2x~ipad.png ... 
2020-09-23 10:05:09 +0000  10054 bytes for ./AppIcon76x76@2x~ipad.png
copying file ./LaunchImage-800-Portrait-736h@3x.png ... 
2020-09-23 10:05:09 +0000  14196 bytes for ./LaunchImage-800-Portrait-736h@3x.png
copying file ./LaunchImage-700@2x.png ... 
2020-09-23 10:05:09 +0000  3933 bytes for ./LaunchImage-700@2x.png
2020-09-23 10:05:09 +0000  copying file ./LaunchImage-700-568h@2x.png ... 
2020-09-23 10:05:09 +0000  4617 bytes for ./LaunchImage-700-568h@2x.png
copying file ./LaunchImage-1200-Portrait-1792h@2x.png ... 
2020-09-23 10:05:09 +0000  8862 bytes for ./LaunchImage-1200-Portrait-1792h@2x.png
2020-09-23 10:05:09 +0000  copying file ./LaunchImage-700-Landscape@2x~ipad.png ... 
2020-09-23 10:05:09 +0000  14943 bytes for ./LaunchImage-700-Landscape@2x~ipad.png
2020-09-23 10:05:09 +0000  copying file ./Frameworks/UnityFramework.framework/_CodeSignature/CodeResources ... 
2020-09-23 10:05:09 +0000  1798 bytes for ./Frameworks/UnityFramework.framework/_CodeSignature/CodeResources
2020-09-23 10:05:09 +0000  copying file ./Frameworks/UnityFramework.framework/Info.plist ... 
2020-09-23 10:05:09 +0000  811 bytes for ./Frameworks/UnityFramework.framework/Info.plist
2020-09-23 10:05:09 +0000  copying file ./Frameworks/UnityFramework.framework/UnityFramework ... 
2020-09-23 10:05:09 +0000  140918352 bytes for ./Frameworks/UnityFramework.framework/UnityFramework
2020-09-23 10:05:09 +0000  copying file ./embedded.mobileprovision ... 
7360 bytes for ./embedded.mobileprovision
copying file ./Data/Managed/UnityEngine.AnimationModule.pdb ... 
2020-09-23 10:05:09 +0000  4012 bytes for ./Data/Managed/UnityEngine.AnimationModule.pdb
copying file ./Data/Managed/UnityEngine.XRModule.pdb ... 
2020-09-23 10:05:09 +0000  4396 bytes for ./Data/Managed/UnityEngine.XRModule.pdb
copying file ./Data/Managed/TypesInScenes.xml ... 
2020-09-23 10:05:09 +0000  3015 bytes for ./Data/Managed/TypesInScenes.xml
2020-09-23 10:05:09 +0000  copying file ./Data/Managed/UnityEngine.GameCenterModule.pdb ... 
2020-09-23 10:05:09 +0000  7196 bytes for ./Data/Managed/UnityEngine.GameCenterModule.pdb
2020-09-23 10:05:09 +0000  copying file ./Data/Managed/UnityEngine.InputModule.pdb ... 
2020-09-23 10:05:09 +0000  952 bytes for ./Data/Managed/UnityEngine.InputModule.pdb
2020-09-23 10:05:09 +0000  copying file ./Data/Managed/Unity.XR.ARSubsystems.pdb ... 
2020-09-23 10:05:09 +0000  21912 bytes for ./Data/Managed/Unity.XR.ARSubsystems.pdb
2020-09-23 10:05:09 +0000  copying file ./Data/Managed/Resources/mscorlib.dll-resources.dat ... 
2020-09-23 10:05:09 +0000  337563 bytes for ./Data/Managed/Resources/mscorlib.dll-resources.dat
2020-09-23 10:05:09 +0000  copying file ./Data/Managed/UnityEngine.ARModule.pdb ... 
2020-09-23 10:05:09 +0000  776 bytes for ./Data/Managed/UnityEngine.ARModule.pdb
copying file ./Data/Managed/UnityEngine.PhysicsModule.pdb ... 
2020-09-23 10:05:09 +0000  2760 bytes for ./Data/Managed/UnityEngine.PhysicsModule.pdb
copying file ./Data/Managed/UnityEngine.SubsystemsModule.pdb ... 
2020-09-23 10:05:09 +0000  2920 bytes for ./Data/Managed/UnityEngine.SubsystemsModule.pdb
2020-09-23 10:05:09 +0000  copying file ./Data/Managed/UnityEngine.CoreModule.pdb ... 
2020-09-23 10:05:09 +0000  61176 bytes for ./Data/Managed/UnityEngine.CoreModule.pdb
2020-09-23 10:05:09 +0000  copying file ./Data/Managed/UnityEngine.ParticleSystemModule.pdb ... 
2020-09-23 10:05:09 +0000  1788 bytes for ./Data/Managed/UnityEngine.ParticleSystemModule.pdb
2020-09-23 10:05:09 +0000  copying file ./Data/Managed/Unity.XR.ARKit.pdb ... 
2020-09-23 10:05:09 +0000  7440 bytes for ./Data/Managed/Unity.XR.ARKit.pdb
2020-09-23 10:05:09 +0000  copying file ./Data/Managed/UnityLinkerToEditorData.json ... 
2020-09-23 10:05:09 +0000  8713 bytes for ./Data/Managed/UnityLinkerToEditorData.json
2020-09-23 10:05:09 +0000  copying file ./Data/Managed/mono/4.0/machine.config ... 
2020-09-23 10:05:09 +0000  33648 bytes for ./Data/Managed/mono/4.0/machine.config
2020-09-23 10:05:09 +0000  copying file ./Data/Managed/EditorToUnityLinkerData.json ... 
2020-09-23 10:05:09 +0000  67445 bytes for ./Data/Managed/EditorToUnityLinkerData.json
2020-09-23 10:05:09 +0000  copying file ./Data/Managed/Unity.XR.Management.pdb ... 
2020-09-23 10:05:09 +0000  2736 bytes for ./Data/Managed/Unity.XR.Management.pdb
2020-09-23 10:05:09 +0000  copying file ./Data/Managed/UnityEngine.pdb ... 
2020-09-23 10:05:09 +0000  188 bytes for ./Data/Managed/UnityEngine.pdb
2020-09-23 10:05:09 +0000  copying file ./Data/Managed/Unity.Subsystem.Registration.pdb ... 
2020-09-23 10:05:09 +0000  632 bytes for ./Data/Managed/Unity.Subsystem.Registration.pdb
2020-09-23 10:05:09 +0000  copying file ./Data/Managed/UnityEngine.SpatialTracking.pdb ... 
2020-09-23 10:05:09 +0000  2596 bytes for ./Data/Managed/UnityEngine.SpatialTracking.pdb
2020-09-23 10:05:09 +0000  copying file ./Data/Managed/Metadata/global-metadata.dat ... 
2020-09-23 10:05:09 +0000  1999540 bytes for ./Data/Managed/Metadata/global-metadata.dat
2020-09-23 10:05:09 +0000  copying file ./Data/Managed/Unity.XR.ARFoundation.pdb ... 
2020-09-23 10:05:09 +0000  32300 bytes for ./Data/Managed/Unity.XR.ARFoundation.pdb
2020-09-23 10:05:09 +0000  copying file ./Data/Managed/UnityEngine.SharedInternalsModule.pdb ... 
2020-09-23 10:05:09 +0000  2824 bytes for ./Data/Managed/UnityEngine.SharedInternalsModule.pdb
2020-09-23 10:05:09 +0000  copying file ./Data/globalgamemanagers ... 
2020-09-23 10:05:09 +0000  51716 bytes for ./Data/globalgamemanagers
2020-09-23 10:05:09 +0000  copying file ./Data/boot.config ... 
2020-09-23 10:05:09 +0000  62 bytes for ./Data/boot.config
2020-09-23 10:05:09 +0000  copying file ./Data/resources.assets ... 
2020-09-23 10:05:09 +0000  10448 bytes for ./Data/resources.assets
2020-09-23 10:05:09 +0000  copying file ./Data/Resources/unity_builtin_extra ... 
2020-09-23 10:05:09 +0000  560956 bytes for ./Data/Resources/unity_builtin_extra
2020-09-23 10:05:09 +0000  copying file ./Data/unity default resources ... 
2020-09-23 10:05:09 +0000  6346164 bytes for ./Data/unity default resources
2020-09-23 10:05:09 +0000  copying file ./Data/sharedassets0.assets.resS ... 
2020-09-23 10:05:09 +0000  8388864 bytes for ./Data/sharedassets0.assets.resS
2020-09-23 10:05:09 +0000  copying file ./Data/sharedassets0.assets ... 
2020-09-23 10:05:09 +0000  1232384 bytes for ./Data/sharedassets0.assets
copying file ./Data/level0 ... 
2020-09-23 10:05:09 +0000  11980 bytes for ./Data/level0
2020-09-23 10:05:09 +0000  copying file ./Data/globalgamemanagers.assets ... 
2020-09-23 10:05:09 +0000  79844 bytes for ./Data/globalgamemanagers.assets
2020-09-23 10:05:09 +0000  copying file ./Data/UnitySubsystems/UnityARKit/UnitySubsystemsManifest.json ... 
2020-09-23 10:05:09 +0000  153 bytes for ./Data/UnitySubsystems/UnityARKit/UnitySubsystemsManifest.json
2020-09-23 10:05:09 +0000  copying file ./LaunchImage-800-Landscape-736h@3x.png ... 
2020-09-23 10:05:09 +0000  12887 bytes for ./LaunchImage-800-Landscape-736h@3x.png
2020-09-23 10:05:09 +0000  copying file ./LaunchImage-700-Portrait@2x~ipad.png ... 
2020-09-23 10:05:09 +0000  15515 bytes for ./LaunchImage-700-Portrait@2x~ipad.png
2020-09-23 10:05:09 +0000  copying file ./LaunchImage-700-Landscape~ipad.png ... 
2020-09-23 10:05:09 +0000  4433 bytes for ./LaunchImage-700-Landscape~ipad.png
2020-09-23 10:05:09 +0000  copying file ./Info.plist ... 
2020-09-23 10:05:09 +0000  2680 bytes for ./Info.plist
2020-09-23 10:05:09 +0000  copying file ./LaunchImage-1200-Landscape-2688h@3x.png ... 
2020-09-23 10:05:09 +0000  15608 bytes for ./LaunchImage-1200-Landscape-2688h@3x.png
2020-09-23 10:05:09 +0000  copying file ./PkgInfo ... 
2020-09-23 10:05:09 +0000  8 bytes for ./PkgInfo
2020-09-23 10:05:09 +0000  /usr/bin/ditto exited with 0
2020-09-23 10:05:09 +0000  Processing step: IDEDistributionEmbedProfileStep
2020-09-23 10:05:09 +0000  Skipping profile for item: <IDEDistributionItem: 0x7fac8ee39eb0; bundleID='com.unity3d.framework', path='<DVTFilePath:0x7fac903d6f50:'/Users/danish/Library/Developer/Xcode/Archives/2020-09-23/Unity-iPhone 23.09.20, 12.04.xcarchive/Products/Applications/ARtest.app/Frameworks/UnityFramework.framework'>', codeSigningInfo='<_DVTCodeSigningInformation_Path: 0x7fac90cab310; isSigned='1', isAdHocSigned='0', signingCertificate='<DVTSigningCertificate: 0x7faca6f4aab0; name='iPhone Distribution: Jan-Niklas Voigt-Antons (QFZ4FZ7N4A)', hash='E1F24AC53E2310A0AA211A6E60AC882FAA833580', serialNumber='<DVTSigningCertificateSerialNumber: 0x7fac90b894e0>', certificateKinds='(
    "1.2.840.113635.100.6.1.4"
), issueDate='2020-09-22 14:41:27 +0000''>', entitlements='(null)', teamID='QFZ4FZ7N4A', identifier='com.unity3d.framework', executablePath='<DVTFilePath:0x7fac9049d510:'/Users/danish/Library/Developer/Xcode/Archives/2020-09-23/Unity-iPhone 23.09.20, 12.04.xcarchive/Products/Applications/ARtest.app/Frameworks/UnityFramework.framework/UnityFramework'>', hardenedRuntime='0'>'>
2020-09-23 10:05:09 +0000  Processing step: IDEDistributionInfoPlistStep
2020-09-23 10:05:09 +0000  Skipping step: IDEDistributionInfoPlistStep because it said so
2020-09-23 10:05:09 +0000  Skipping step: IDEDistributionInfoPlistStep because it said so
2020-09-23 10:05:09 +0000  Processing step: IDEDistributionItemRemovalStep
2020-09-23 10:05:09 +0000  Processing step: IDEDistributionAppThinningPlistStep
2020-09-23 10:05:09 +0000  Skipping step: IDEDistributionAppThinningPlistStep because it said so
2020-09-23 10:05:09 +0000  Processing step: IDEDistributionCompileBitcodeStep
2020-09-23 10:05:09 +0000  Skipping step: IDEDistributionCompileBitcodeStep because it said so
2020-09-23 10:05:09 +0000  Processing step: IDEDistributionCodeSlimmingStep
2020-09-23 10:05:09 +0000  Running /Applications/Xcode.app/Contents/Developer/Toolchains/XcodeDefault.xctoolchain/usr/bin/bitcode_strip '/var/folders/qw/wxg8bh2d6pz80lpkqylkyklh0000gp/T/XcodeDistPipeline.~~~TEUt2i/Root/Payload/ARtest.app/Frameworks/UnityFramework.framework/UnityFramework' '-l' '-o' '/var/folders/qw/wxg8bh2d6pz80lpkqylkyklh0000gp/T/XcodeDistPipeline.~~~TEUt2i/Root/Payload/ARtest.app/Frameworks/UnityFramework.framework/UnityFramework'
2020-09-23 10:05:09 +0000  /Applications/Xcode.app/Contents/Developer/Toolchains/XcodeDefault.xctoolchain/usr/bin/bitcode_strip exited with 0
2020-09-23 10:05:09 +0000  Running /Applications/Xcode.app/Contents/Developer/Toolchains/XcodeDefault.xctoolchain/usr/bin/bitcode_strip '/var/folders/qw/wxg8bh2d6pz80lpkqylkyklh0000gp/T/XcodeDistPipeline.~~~TEUt2i/Root/Payload/ARtest.app/ARtest' '-l' '-o' '/var/folders/qw/wxg8bh2d6pz80lpkqylkyklh0000gp/T/XcodeDistPipeline.~~~TEUt2i/Root/Payload/ARtest.app/ARtest'
2020-09-23 10:05:09 +0000  /Applications/Xcode.app/Contents/Developer/Toolchains/XcodeDefault.xctoolchain/usr/bin/bitcode_strip exited with 0
2020-09-23 10:05:09 +0000  Processing step: IDEDistributionCopyBCSymbolMapsStep
2020-09-23 10:05:10 +0000  Running /usr/bin/ditto '-V' '/Users/danish/Library/Developer/Xcode/Archives/2020-09-23/Unity-iPhone 23.09.20, 12.04.xcarchive/BCSymbolMaps/C5B7C2B5-0049-32CD-B2F8-506B7D5D75C4.bcsymbolmap' '/var/folders/qw/wxg8bh2d6pz80lpkqylkyklh0000gp/T/XcodeDistPipeline.~~~TEUt2i/Root/BCSymbolMaps/C5B7C2B5-0049-32CD-B2F8-506B7D5D75C4.bcsymbolmap'
2020-09-23 10:05:10 +0000  >>> Copying /Users/danish/Library/Developer/Xcode/Archives/2020-09-23/Unity-iPhone 23.09.20, 12.04.xcarchive/BCSymbolMaps/C5B7C2B5-0049-32CD-B2F8-506B7D5D75C4.bcsymbolmap 
2020-09-23 10:05:10 +0000  copying file ./C5B7C2B5-0049-32CD-B2F8-506B7D5D75C4.bcsymbolmap ... 
2020-09-23 10:05:10 +0000  18180663 bytes for ./C5B7C2B5-0049-32CD-B2F8-506B7D5D75C4.bcsymbolmap
2020-09-23 10:05:10 +0000  /usr/bin/ditto exited with 0
2020-09-23 10:05:10 +0000  Running /usr/bin/ditto '-V' '/Users/danish/Library/Developer/Xcode/Archives/2020-09-23/Unity-iPhone 23.09.20, 12.04.xcarchive/BCSymbolMaps/BE1A37D9-21AD-3D15-A6C8-B6C809917E3C.bcsymbolmap' '/var/folders/qw/wxg8bh2d6pz80lpkqylkyklh0000gp/T/XcodeDistPipeline.~~~TEUt2i/Root/BCSymbolMaps/BE1A37D9-21AD-3D15-A6C8-B6C809917E3C.bcsymbolmap'
2020-09-23 10:05:10 +0000  >>> Copying /Users/danish/Library/Developer/Xcode/Archives/2020-09-23/Unity-iPhone 23.09.20, 12.04.xcarchive/BCSymbolMaps/BE1A37D9-21AD-3D15-A6C8-B6C809917E3C.bcsymbolmap 
2020-09-23 10:05:10 +0000  copying file ./BE1A37D9-21AD-3D15-A6C8-B6C809917E3C.bcsymbolmap ... 
2020-09-23 10:05:10 +0000  740 bytes for ./BE1A37D9-21AD-3D15-A6C8-B6C809917E3C.bcsymbolmap
2020-09-23 10:05:10 +0000  /usr/bin/ditto exited with 0
2020-09-23 10:05:10 +0000  Processing step: IDEDistributionSymbolsStep
2020-09-23 10:05:10 +0000  Excluding symbols for UnityFramework.framework
2020-09-23 10:05:10 +0000  Excluding symbols for ARtest.app
2020-09-23 10:05:10 +0000  Processing step: IDEDistributionCopyAppleProvidedContentStep
2020-09-23 10:05:10 +0000  Processing step: IDEDistributionAppThinningStep
2020-09-23 10:05:10 +0000  Skipping step: IDEDistributionAppThinningStep because it said so
2020-09-23 10:05:10 +0000  Processing step: IDEDistributionArchThinningStep
2020-09-23 10:05:10 +0000  Running /Applications/Xcode.app/Contents/Developer/Toolchains/XcodeDefault.xctoolchain/usr/bin/lipo '/var/folders/qw/wxg8bh2d6pz80lpkqylkyklh0000gp/T/XcodeDistPipeline.~~~TEUt2i/Root/Payload/ARtest.app/Frameworks/UnityFramework.framework/UnityFramework' '-verify_arch' 'arm64e'
2020-09-23 10:05:10 +0000  /Applications/Xcode.app/Contents/Developer/Toolchains/XcodeDefault.xctoolchain/usr/bin/lipo exited with 1
2020-09-23 10:05:10 +0000  Skipping architecture thinning for item "UnityFramework" because arch "arm64e" wasn't found
2020-09-23 10:05:10 +0000  Running /Applications/Xcode.app/Contents/Developer/Toolchains/XcodeDefault.xctoolchain/usr/bin/lipo '/var/folders/qw/wxg8bh2d6pz80lpkqylkyklh0000gp/T/XcodeDistPipeline.~~~TEUt2i/Root/Payload/ARtest.app/ARtest' '-verify_arch' 'arm64e'
2020-09-23 10:05:10 +0000  /Applications/Xcode.app/Contents/Developer/Toolchains/XcodeDefault.xctoolchain/usr/bin/lipo exited with 1
2020-09-23 10:05:10 +0000  Skipping architecture thinning for item "ARtest" because arch "arm64e" wasn't found
2020-09-23 10:05:10 +0000  Processing step: IDEDistributionODRStep
2020-09-23 10:05:10 +0000  Processing step: IDEDistributionStripXattrsStep
2020-09-23 10:05:10 +0000  Skipping stripping extended attributes of item: <IDEDistributionItem: 0x7fac8ee39eb0; bundleID='com.unity3d.framework', path='<DVTFilePath:0x7fac903d6f50:'/Users/danish/Library/Developer/Xcode/Archives/2020-09-23/Unity-iPhone 23.09.20, 12.04.xcarchive/Products/Applications/ARtest.app/Frameworks/UnityFramework.framework'>', codeSigningInfo='<_DVTCodeSigningInformation_Path: 0x7fac90cab310; isSigned='1', isAdHocSigned='0', signingCertificate='<DVTSigningCertificate: 0x7fac90d25050; name='iPhone Distribution: Jan-Niklas Voigt-Antons (QFZ4FZ7N4A)', hash='E1F24AC53E2310A0AA211A6E60AC882FAA833580', serialNumber='<DVTSigningCertificateSerialNumber: 0x7fac905b57b0>', certificateKinds='(
    "1.2.840.113635.100.6.1.4"
), issueDate='2020-09-22 14:41:27 +0000''>', entitlements='(null)', teamID='QFZ4FZ7N4A', identifier='com.unity3d.framework', executablePath='<DVTFilePath:0x7fac9049d510:'/Users/danish/Library/Developer/Xcode/Archives/2020-09-23/Unity-iPhone 23.09.20, 12.04.xcarchive/Products/Applications/ARtest.app/Frameworks/UnityFramework.framework/UnityFramework'>', hardenedRuntime='0'>'>
2020-09-23 10:05:10 +0000  Running /usr/bin/xattr '-crs' '/var/folders/qw/wxg8bh2d6pz80lpkqylkyklh0000gp/T/XcodeDistPipeline.~~~TEUt2i/Root/Payload/ARtest.app'
2020-09-23 10:05:11 +0000  /usr/bin/xattr exited with 0
2020-09-23 10:05:11 +0000  Processing step: IDEDistributionCodesignStep
2020-09-23 10:05:11 +0000  Entitlements for <IDEDistributionItem: 0x7fac8ee39eb0; bundleID='com.unity3d.framework', path='<DVTFilePath:0x7fac903d6f50:'/Users/danish/Library/Developer/Xcode/Archives/2020-09-23/Unity-iPhone 23.09.20, 12.04.xcarchive/Products/Applications/ARtest.app/Frameworks/UnityFramework.framework'>', codeSigningInfo='<_DVTCodeSigningInformation_Path: 0x7fac90cab310; isSigned='1', isAdHocSigned='0', signingCertificate='<DVTSigningCertificate: 0x7faca6cbeed0; name='iPhone Distribution: Jan-Niklas Voigt-Antons (QFZ4FZ7N4A)', hash='E1F24AC53E2310A0AA211A6E60AC882FAA833580', serialNumber='<DVTSigningCertificateSerialNumber: 0x7fac900e3f90>', certificateKinds='(
    "1.2.840.113635.100.6.1.4"
), issueDate='2020-09-22 14:41:27 +0000''>', entitlements='(null)', teamID='QFZ4FZ7N4A', identifier='com.unity3d.framework', executablePath='<DVTFilePath:0x7fac9049d510:'/Users/danish/Library/Developer/Xcode/Archives/2020-09-23/Unity-iPhone 23.09.20, 12.04.xcarchive/Products/Applications/ARtest.app/Frameworks/UnityFramework.framework/UnityFramework'>', hardenedRuntime='0'>'>: {
}
2020-09-23 10:05:11 +0000  Writing entitlements for <IDEDistributionItem: 0x7fac8ee39eb0; bundleID='com.unity3d.framework', path='<DVTFilePath:0x7fac903d6f50:'/Users/danish/Library/Developer/Xcode/Archives/2020-09-23/Unity-iPhone 23.09.20, 12.04.xcarchive/Products/Applications/ARtest.app/Frameworks/UnityFramework.framework'>', codeSigningInfo='<_DVTCodeSigningInformation_Path: 0x7fac90cab310; isSigned='1', isAdHocSigned='0', signingCertificate='<DVTSigningCertificate: 0x7fac8eea6e80; name='iPhone Distribution: Jan-Niklas Voigt-Antons (QFZ4FZ7N4A)', hash='E1F24AC53E2310A0AA211A6E60AC882FAA833580', serialNumber='<DVTSigningCertificateSerialNumber: 0x7fac8eea6450>', certificateKinds='(
    "1.2.840.113635.100.6.1.4"
), issueDate='2020-09-22 14:41:27 +0000''>', entitlements='(null)', teamID='QFZ4FZ7N4A', identifier='com.unity3d.framework', executablePath='<DVTFilePath:0x7fac9049d510:'/Users/danish/Library/Developer/Xcode/Archives/2020-09-23/Unity-iPhone 23.09.20, 12.04.xcarchive/Products/Applications/ARtest.app/Frameworks/UnityFramework.framework/UnityFramework'>', hardenedRuntime='0'>'> to: /var/folders/qw/wxg8bh2d6pz80lpkqylkyklh0000gp/T/XcodeDistPipeline.~~~TEUt2i/entitlements~~~MqXTKR
2020-09-23 10:05:11 +0000  Running /usr/bin/codesign '-vvv' '--force' '--sign' 'E1F24AC53E2310A0AA211A6E60AC882FAA833580' '--entitlements' '/var/folders/qw/wxg8bh2d6pz80lpkqylkyklh0000gp/T/XcodeDistPipeline.~~~TEUt2i/entitlements~~~MqXTKR' '--preserve-metadata=identifier,flags,runtime' '/var/folders/qw/wxg8bh2d6pz80lpkqylkyklh0000gp/T/XcodeDistPipeline.~~~TEUt2i/Root/Payload/ARtest.app/Frameworks/UnityFramework.framework'
2020-09-23 10:05:11 +0000  /var/folders/qw/wxg8bh2d6pz80lpkqylkyklh0000gp/T/XcodeDistPipeline.~~~TEUt2i/Root/Payload/ARtest.app/Frameworks/UnityFramework.framework: signed bundle with Mach-O thin (arm64) [com.unity3d.framework]
2020-09-23 10:05:11 +0000  /usr/bin/codesign exited with 0
2020-09-23 10:05:11 +0000  Entitlements for <IDEDistributionItem: 0x7fac90c1ee00; bundleID='de.voigt-antons.ARtest', path='<DVTFilePath:0x7fac9fc625b0:'/Users/danish/Library/Developer/Xcode/Archives/2020-09-23/Unity-iPhone 23.09.20, 12.04.xcarchive/Products/Applications/ARtest.app'>', codeSigningInfo='<_DVTCodeSigningInformation_Path: 0x7fac907f1fe0; isSigned='1', isAdHocSigned='0', signingCertificate='<DVTSigningCertificate: 0x7fac90d3cff0; name='iPhone Distribution: Jan-Niklas Voigt-Antons (QFZ4FZ7N4A)', hash='E1F24AC53E2310A0AA211A6E60AC882FAA833580', serialNumber='<DVTSigningCertificateSerialNumber: 0x7fac90d3d120>', certificateKinds='(
    "1.2.840.113635.100.6.1.4"
), issueDate='2020-09-22 14:41:27 +0000''>', entitlements='{
    "application-identifier" = "QFZ4FZ7N4A.de.voigt-antons.ARtest";
    "beta-reports-active" = 1;
    "com.apple.developer.team-identifier" = QFZ4FZ7N4A;
    "get-task-allow" = 0;
    "keychain-access-groups" =     (
        "QFZ4FZ7N4A.de.voigt-antons.ARtest"
    );
}', teamID='QFZ4FZ7N4A', identifier='de.voigt-antons.ARtest', executablePath='<DVTFilePath:0x7fac8fc38b30:'/Users/danish/Library/Developer/Xcode/Archives/2020-09-23/Unity-iPhone 23.09.20, 12.04.xcarchive/Products/Applications/ARtest.app/ARtest'>', hardenedRuntime='0'>'>: {
    "application-identifier" = "QFZ4FZ7N4A.de.voigt-antons.ARtest";
    "beta-reports-active" = 1;
    "com.apple.developer.team-identifier" = QFZ4FZ7N4A;
    "get-task-allow" = 0;
    "keychain-access-groups" =     (
        "QFZ4FZ7N4A.de.voigt-antons.ARtest"
    );
}
2020-09-23 10:05:11 +0000  Writing entitlements for <IDEDistributionItem: 0x7fac90c1ee00; bundleID='de.voigt-antons.ARtest', path='<DVTFilePath:0x7fac9fc625b0:'/Users/danish/Library/Developer/Xcode/Archives/2020-09-23/Unity-iPhone 23.09.20, 12.04.xcarchive/Products/Applications/ARtest.app'>', codeSigningInfo='<_DVTCodeSigningInformation_Path: 0x7fac907f1fe0; isSigned='1', isAdHocSigned='0', signingCertificate='<DVTSigningCertificate: 0x7fac90d74dd0; name='iPhone Distribution: Jan-Niklas Voigt-Antons (QFZ4FZ7N4A)', hash='E1F24AC53E2310A0AA211A6E60AC882FAA833580', serialNumber='<DVTSigningCertificateSerialNumber: 0x7fac90d75550>', certificateKinds='(
    "1.2.840.113635.100.6.1.4"
), issueDate='2020-09-22 14:41:27 +0000''>', entitlements='{
    "application-identifier" = "QFZ4FZ7N4A.de.voigt-antons.ARtest";
    "beta-reports-active" = 1;
    "com.apple.developer.team-identifier" = QFZ4FZ7N4A;
    "get-task-allow" = 0;
    "keychain-access-groups" =     (
        "QFZ4FZ7N4A.de.voigt-antons.ARtest"
    );
}', teamID='QFZ4FZ7N4A', identifier='de.voigt-antons.ARtest', executablePath='<DVTFilePath:0x7fac8fc38b30:'/Users/danish/Library/Developer/Xcode/Archives/2020-09-23/Unity-iPhone 23.09.20, 12.04.xcarchive/Products/Applications/ARtest.app/ARtest'>', hardenedRuntime='0'>'> to: /var/folders/qw/wxg8bh2d6pz80lpkqylkyklh0000gp/T/XcodeDistPipeline.~~~TEUt2i/entitlements~~~uBhyBt
2020-09-23 10:05:11 +0000  Running /usr/bin/codesign '-vvv' '--force' '--sign' 'E1F24AC53E2310A0AA211A6E60AC882FAA833580' '--entitlements' '/var/folders/qw/wxg8bh2d6pz80lpkqylkyklh0000gp/T/XcodeDistPipeline.~~~TEUt2i/entitlements~~~uBhyBt' '--preserve-metadata=identifier,flags,runtime' '/var/folders/qw/wxg8bh2d6pz80lpkqylkyklh0000gp/T/XcodeDistPipeline.~~~TEUt2i/Root/Payload/ARtest.app'
2020-09-23 10:05:12 +0000  /var/folders/qw/wxg8bh2d6pz80lpkqylkyklh0000gp/T/XcodeDistPipeline.~~~TEUt2i/Root/Payload/ARtest.app: signed app bundle with Mach-O thin (arm64) [de.voigt-antons.ARtest]
2020-09-23 10:05:12 +0000  /usr/bin/codesign exited with 0
2020-09-23 10:05:12 +0000  Processing step: IDEDistributionZipODRItemStep
2020-09-23 10:05:12 +0000  Skipping step: IDEDistributionZipODRItemStep because it said so
2020-09-23 10:05:12 +0000  Skipping step: IDEDistributionZipODRItemStep because it said so
2020-09-23 10:05:12 +0000  Processing step: IDEDistributionCreateIPAStep
2020-09-23 10:05:12 +0000  Running /usr/bin/ditto '-V' '-c' '-k' '--norsrc' '/var/folders/qw/wxg8bh2d6pz80lpkqylkyklh0000gp/T/XcodeDistPipeline.~~~TEUt2i/Root' '/var/folders/qw/wxg8bh2d6pz80lpkqylkyklh0000gp/T/XcodeDistPipeline.~~~TEUt2i/Packages/ARtest.ipa'
2020-09-23 10:05:12 +0000  >>> Copying /var/folders/qw/wxg8bh2d6pz80lpkqylkyklh0000gp/T/XcodeDistPipeline.~~~TEUt2i/Root 
2020-09-23 10:05:12 +0000  copying file ./BCSymbolMaps/BE1A37D9-21AD-3D15-A6C8-B6C809917E3C.bcsymbolmap ... 
2020-09-23 10:05:12 +0000  740 bytes for ./BCSymbolMaps/BE1A37D9-21AD-3D15-A6C8-B6C809917E3C.bcsymbolmap
copying file ./BCSymbolMaps/C5B7C2B5-0049-32CD-B2F8-506B7D5D75C4.bcsymbolmap ... 
2020-09-23 10:05:12 +0000  18180663 bytes for ./BCSymbolMaps/C5B7C2B5-0049-32CD-B2F8-506B7D5D75C4.bcsymbolmap
2020-09-23 10:05:12 +0000  copying file ./Payload/ARtest.app/_CodeSignature/CodeResources ... 
2020-09-23 10:05:12 +0000  17215 bytes for ./Payload/ARtest.app/_CodeSignature/CodeResources
copying file ./Payload/ARtest.app/LaunchImage-1100-Portrait-2436h@3x.png ... 
2020-09-23 10:05:12 +0000  14552 bytes for ./Payload/ARtest.app/LaunchImage-1100-Portrait-2436h@3x.png
2020-09-23 10:05:12 +0000  copying file ./Payload/ARtest.app/LaunchImage-1200-Landscape-1792h@2x.png ... 
7622 bytes for ./Payload/ARtest.app/LaunchImage-1200-Landscape-1792h@2x.png
2020-09-23 10:05:12 +0000  copying file ./Payload/ARtest.app/LaunchScreen-iPhonePortrait.png ... 
2020-09-23 10:05:12 +0000  138 bytes for ./Payload/ARtest.app/LaunchScreen-iPhonePortrait.png
copying file ./Payload/ARtest.app/LaunchScreen-iPhoneLandscape.png ... 
2020-09-23 10:05:12 +0000  138 bytes for ./Payload/ARtest.app/LaunchScreen-iPhoneLandscape.png
copying file ./Payload/ARtest.app/LaunchScreen-iPad.nib ... 
2020-09-23 10:05:12 +0000  1540 bytes for ./Payload/ARtest.app/LaunchScreen-iPad.nib
copying file ./Payload/ARtest.app/LaunchScreen-iPhone.nib ... 
2020-09-23 10:05:12 +0000  1550 bytes for ./Payload/ARtest.app/LaunchScreen-iPhone.nib
copying file ./Payload/ARtest.app/AppIcon60x60@2x.png ... 
2020-09-23 10:05:12 +0000  7083 bytes for ./Payload/ARtest.app/AppIcon60x60@2x.png
copying file ./Payload/ARtest.app/LaunchImage-1100-Landscape-2436h@3x.png ... 
2020-09-23 10:05:12 +0000  12707 bytes for ./Payload/ARtest.app/LaunchImage-1100-Landscape-2436h@3x.png
2020-09-23 10:05:12 +0000  copying file ./Payload/ARtest.app/LaunchImage-800-667h@2x.png ... 
2020-09-23 10:05:12 +0000  5949 bytes for ./Payload/ARtest.app/LaunchImage-800-667h@2x.png
copying file ./Payload/ARtest.app/LaunchImage-1200-Portrait-2688h@3x.png ... 
2020-09-23 10:05:12 +0000  17633 bytes for ./Payload/ARtest.app/LaunchImage-1200-Portrait-2688h@3x.png
copying file ./Payload/ARtest.app/ARtest ... 
2020-09-23 10:05:12 +0000  67760 bytes for ./Payload/ARtest.app/ARtest
copying file ./Payload/ARtest.app/LaunchScreen-iPad.png ... 
2020-09-23 10:05:12 +0000  138 bytes for ./Payload/ARtest.app/LaunchScreen-iPad.png
copying file ./Payload/ARtest.app/LaunchImage-700-Portrait~ipad.png ... 
2020-09-23 10:05:12 +0000  4691 bytes for ./Payload/ARtest.app/LaunchImage-700-Portrait~ipad.png
copying file ./Payload/ARtest.app/Assets.car ... 
2020-09-23 10:05:12 +0000  293848 bytes for ./Payload/ARtest.app/Assets.car
copying file ./Payload/ARtest.app/AppIcon76x76@2x~ipad.png ... 
2020-09-23 10:05:12 +0000  10054 bytes for ./Payload/ARtest.app/AppIcon76x76@2x~ipad.png
copying file ./Payload/ARtest.app/LaunchImage-800-Portrait-736h@3x.png ... 
2020-09-23 10:05:12 +0000  14196 bytes for ./Payload/ARtest.app/LaunchImage-800-Portrait-736h@3x.png
copying file ./Payload/ARtest.app/LaunchImage-700@2x.png ... 
2020-09-23 10:05:12 +0000  3933 bytes for ./Payload/ARtest.app/LaunchImage-700@2x.png
copying file ./Payload/ARtest.app/LaunchImage-700-568h@2x.png ... 
2020-09-23 10:05:12 +0000  4617 bytes for ./Payload/ARtest.app/LaunchImage-700-568h@2x.png
copying file ./Payload/ARtest.app/LaunchImage-1200-Portrait-1792h@2x.png ... 
2020-09-23 10:05:12 +0000  8862 bytes for ./Payload/ARtest.app/LaunchImage-1200-Portrait-1792h@2x.png
copying file ./Payload/ARtest.app/LaunchImage-700-Landscape@2x~ipad.png ... 
14943 bytes for ./Payload/ARtest.app/LaunchImage-700-Landscape@2x~ipad.png
2020-09-23 10:05:12 +0000  copying file ./Payload/ARtest.app/Frameworks/UnityFramework.framework/_CodeSignature/CodeResources ... 
2020-09-23 10:05:12 +0000  1798 bytes for ./Payload/ARtest.app/Frameworks/UnityFramework.framework/_CodeSignature/CodeResources
copying file ./Payload/ARtest.app/Frameworks/UnityFramework.framework/Info.plist ... 
2020-09-23 10:05:12 +0000  811 bytes for ./Payload/ARtest.app/Frameworks/UnityFramework.framework/Info.plist
copying file ./Payload/ARtest.app/Frameworks/UnityFramework.framework/UnityFramework ... 
2020-09-23 10:05:16 +0000  122213936 bytes for ./Payload/ARtest.app/Frameworks/UnityFramework.framework/UnityFramework
2020-09-23 10:05:16 +0000  copying file ./Payload/ARtest.app/embedded.mobileprovision ... 
7360 bytes for ./Payload/ARtest.app/embedded.mobileprovision
copying file ./Payload/ARtest.app/Data/Managed/UnityEngine.AnimationModule.pdb ... 
2020-09-23 10:05:16 +0000  4012 bytes for ./Payload/ARtest.app/Data/Managed/UnityEngine.AnimationModule.pdb
copying file ./Payload/ARtest.app/Data/Managed/UnityEngine.XRModule.pdb ... 
2020-09-23 10:05:16 +0000  4396 bytes for ./Payload/ARtest.app/Data/Managed/UnityEngine.XRModule.pdb
copying file ./Payload/ARtest.app/Data/Managed/TypesInScenes.xml ... 
2020-09-23 10:05:16 +0000  3015 bytes for ./Payload/ARtest.app/Data/Managed/TypesInScenes.xml
copying file ./Payload/ARtest.app/Data/Managed/UnityEngine.GameCenterModule.pdb ... 
2020-09-23 10:05:16 +0000  7196 bytes for ./Payload/ARtest.app/Data/Managed/UnityEngine.GameCenterModule.pdb
copying file ./Payload/ARtest.app/Data/Managed/UnityEngine.InputModule.pdb ... 
2020-09-23 10:05:16 +0000  952 bytes for ./Payload/ARtest.app/Data/Managed/UnityEngine.InputModule.pdb
copying file ./Payload/ARtest.app/Data/Managed/Unity.XR.ARSubsystems.pdb ... 
2020-09-23 10:05:16 +0000  21912 bytes for ./Payload/ARtest.app/Data/Managed/Unity.XR.ARSubsystems.pdb
2020-09-23 10:05:16 +0000  copying file ./Payload/ARtest.app/Data/Managed/Resources/mscorlib.dll-resources.dat ... 
2020-09-23 10:05:16 +0000  337563 bytes for ./Payload/ARtest.app/Data/Managed/Resources/mscorlib.dll-resources.dat
copying file ./Payload/ARtest.app/Data/Managed/UnityEngine.ARModule.pdb ... 
2020-09-23 10:05:16 +0000  776 bytes for ./Payload/ARtest.app/Data/Managed/UnityEngine.ARModule.pdb
copying file ./Payload/ARtest.app/Data/Managed/UnityEngine.PhysicsModule.pdb ... 
2020-09-23 10:05:16 +0000  2760 bytes for ./Payload/ARtest.app/Data/Managed/UnityEngine.PhysicsModule.pdb
copying file ./Payload/ARtest.app/Data/Managed/UnityEngine.SubsystemsModule.pdb ... 
2020-09-23 10:05:16 +0000  2920 bytes for ./Payload/ARtest.app/Data/Managed/UnityEngine.SubsystemsModule.pdb
copying file ./Payload/ARtest.app/Data/Managed/UnityEngine.CoreModule.pdb ... 
2020-09-23 10:05:16 +0000  61176 bytes for ./Payload/ARtest.app/Data/Managed/UnityEngine.CoreModule.pdb
copying file ./Payload/ARtest.app/Data/Managed/UnityEngine.ParticleSystemModule.pdb ... 
2020-09-23 10:05:16 +0000  1788 bytes for ./Payload/ARtest.app/Data/Managed/UnityEngine.ParticleSystemModule.pdb
copying file ./Payload/ARtest.app/Data/Managed/Unity.XR.ARKit.pdb ... 
2020-09-23 10:05:16 +0000  7440 bytes for ./Payload/ARtest.app/Data/Managed/Unity.XR.ARKit.pdb
copying file ./Payload/ARtest.app/Data/Managed/UnityLinkerToEditorData.json ... 
2020-09-23 10:05:16 +0000  8713 bytes for ./Payload/ARtest.app/Data/Managed/UnityLinkerToEditorData.json
2020-09-23 10:05:16 +0000  copying file ./Payload/ARtest.app/Data/Managed/mono/4.0/machine.config ... 
2020-09-23 10:05:16 +0000  33648 bytes for ./Payload/ARtest.app/Data/Managed/mono/4.0/machine.config
2020-09-23 10:05:16 +0000  copying file ./Payload/ARtest.app/Data/Managed/EditorToUnityLinkerData.json ... 
2020-09-23 10:05:16 +0000  67445 bytes for ./Payload/ARtest.app/Data/Managed/EditorToUnityLinkerData.json
copying file ./Payload/ARtest.app/Data/Managed/Unity.XR.Management.pdb ... 
2020-09-23 10:05:16 +0000  2736 bytes for ./Payload/ARtest.app/Data/Managed/Unity.XR.Management.pdb
copying file ./Payload/ARtest.app/Data/Managed/UnityEngine.pdb ... 
2020-09-23 10:05:16 +0000  188 bytes for ./Payload/ARtest.app/Data/Managed/UnityEngine.pdb
copying file ./Payload/ARtest.app/Data/Managed/Unity.Subsystem.Registration.pdb ... 
2020-09-23 10:05:16 +0000  632 bytes for ./Payload/ARtest.app/Data/Managed/Unity.Subsystem.Registration.pdb
copying file ./Payload/ARtest.app/Data/Managed/UnityEngine.SpatialTracking.pdb ... 
2020-09-23 10:05:16 +0000  2596 bytes for ./Payload/ARtest.app/Data/Managed/UnityEngine.SpatialTracking.pdb
2020-09-23 10:05:16 +0000  copying file ./Payload/ARtest.app/Data/Managed/Metadata/global-metadata.dat ... 
2020-09-23 10:05:16 +0000  1999540 bytes for ./Payload/ARtest.app/Data/Managed/Metadata/global-metadata.dat
copying file ./Payload/ARtest.app/Data/Managed/Unity.XR.ARFoundation.pdb ... 
2020-09-23 10:05:16 +0000  32300 bytes for ./Payload/ARtest.app/Data/Managed/Unity.XR.ARFoundation.pdb
copying file ./Payload/ARtest.app/Data/Managed/UnityEngine.SharedInternalsModule.pdb ... 
2824 bytes for ./Payload/ARtest.app/Data/Managed/UnityEngine.SharedInternalsModule.pdb
copying file ./Payload/ARtest.app/Data/globalgamemanagers ... 
2020-09-23 10:05:16 +0000  51716 bytes for ./Payload/ARtest.app/Data/globalgamemanagers
copying file ./Payload/ARtest.app/Data/boot.config ... 
2020-09-23 10:05:16 +0000  62 bytes for ./Payload/ARtest.app/Data/boot.config
copying file ./Payload/ARtest.app/Data/resources.assets ... 
2020-09-23 10:05:16 +0000  10448 bytes for ./Payload/ARtest.app/Data/resources.assets
copying file ./Payload/ARtest.app/Data/Resources/unity_builtin_extra ... 
2020-09-23 10:05:16 +0000  560956 bytes for ./Payload/ARtest.app/Data/Resources/unity_builtin_extra
copying file ./Payload/ARtest.app/Data/unity default resources ... 
2020-09-23 10:05:16 +0000  6346164 bytes for ./Payload/ARtest.app/Data/unity default resources
copying file ./Payload/ARtest.app/Data/sharedassets0.assets.resS ... 
2020-09-23 10:05:17 +0000  8388864 bytes for ./Payload/ARtest.app/Data/sharedassets0.assets.resS
copying file ./Payload/ARtest.app/Data/sharedassets0.assets ... 
2020-09-23 10:05:17 +0000  1232384 bytes for ./Payload/ARtest.app/Data/sharedassets0.assets
copying file ./Payload/ARtest.app/Data/level0 ... 
2020-09-23 10:05:17 +0000  11980 bytes for ./Payload/ARtest.app/Data/level0
copying file ./Payload/ARtest.app/Data/globalgamemanagers.assets ... 
2020-09-23 10:05:17 +0000  79844 bytes for ./Payload/ARtest.app/Data/globalgamemanagers.assets
2020-09-23 10:05:17 +0000  copying file ./Payload/ARtest.app/Data/UnitySubsystems/UnityARKit/UnitySubsystemsManifest.json ... 
153 bytes for ./Payload/ARtest.app/Data/UnitySubsystems/UnityARKit/UnitySubsystemsManifest.json
2020-09-23 10:05:17 +0000  copying file ./Payload/ARtest.app/LaunchImage-800-Landscape-736h@3x.png ... 
12887 bytes for ./Payload/ARtest.app/LaunchImage-800-Landscape-736h@3x.png
copying file ./Payload/ARtest.app/LaunchImage-700-Portrait@2x~ipad.png ... 
2020-09-23 10:05:17 +0000  15515 bytes for ./Payload/ARtest.app/LaunchImage-700-Portrait@2x~ipad.png
copying file ./Payload/ARtest.app/LaunchImage-700-Landscape~ipad.png ... 
2020-09-23 10:05:17 +0000  4433 bytes for ./Payload/ARtest.app/LaunchImage-700-Landscape~ipad.png
copying file ./Payload/ARtest.app/Info.plist ... 
2020-09-23 10:05:17 +0000  2680 bytes for ./Payload/ARtest.app/Info.plist
copying file ./Payload/ARtest.app/LaunchImage-1200-Landscape-2688h@3x.png ... 
2020-09-23 10:05:17 +0000  15608 bytes for ./Payload/ARtest.app/LaunchImage-1200-Landscape-2688h@3x.png
copying file ./Payload/ARtest.app/PkgInfo ... 
8 bytes for ./Payload/ARtest.app/PkgInfo
2020-09-23 10:05:17 +0000  /usr/bin/ditto exited with 0
2020-09-23 10:05:17 +0000  Processing step: IDEDistributionAppStoreInformationStep
2020-09-23 10:05:17 +0000  Skipping step: IDEDistributionAppStoreInformationStep because it said so
2020-09-23 10:05:17 +0000  Processing step: IDEDistributionGenerateProcessedDistributionItems
2020-09-23 10:05:17 +0000  IDEDistributionItem init <DVTFilePath:0x7fac907ff600:'/var/folders/qw/wxg8bh2d6pz80lpkqylkyklh0000gp/T/XcodeDistPipeline.~~~TEUt2i/Root/Payload/ARtest.app/Frameworks/UnityFramework.framework'>
2020-09-23 10:05:17 +0000  IDEDistributionItem init <DVTFilePath:0x7fac8ee070a0:'/var/folders/qw/wxg8bh2d6pz80lpkqylkyklh0000gp/T/XcodeDistPipeline.~~~TEUt2i/Root/Payload/ARtest.app'>
2020-09-23 10:05:17 +0000  Processing step: IDEDistributionCreateManifestStep
2020-09-23 10:05:17 +0000  Skipping step: IDEDistributionCreateManifestStep because it said so
